<?xml version="1.0" encoding="UTF-8"?>
<!-- Generated by org.testng.reporters.JUnitXMLReporter -->
<testsuite ignored="2" hostname="LAPTOP-D27JJ0BB" failures="0" tests="1" name="Default test" time="0.051" errors="0" timestamp="28 Feb 2021 10:03:12 GMT">
  <testcase classname="org.priority.Priority" name="ihhgschool" time="0.016"/>
  <testcase classname="org.priority.Priority" name="highsecondary" time="0.0">
    <ignored/>
  </testcase> <!-- highsecondary -->
  <testcase classname="org.priority.Priority" name="engineering" time="0.0">
    <ignored/>
  </testcase> <!-- engineering -->
</testsuite> <!-- Default test -->
