<?xml version="1.0" encoding="UTF-8"?>
<testng-results ignored="2" total="3" passed="1" failed="0" skipped="0">
  <reporter-output>
  </reporter-output>
  <suite started-at="2021-02-28T10:03:12Z" name="Default suite" finished-at="2021-02-28T10:03:12Z" duration-ms="51">
    <groups>
    </groups>
    <test started-at="2021-02-28T10:03:12Z" name="Default test" finished-at="2021-02-28T10:03:12Z" duration-ms="51">
      <class name="org.priority.Priority">
        <test-method signature="ihhgschool()[pri:0, instance:org.priority.Priority@5e600dd5]" started-at="2021-02-28T10:03:12Z" name="ihhgschool" finished-at="2021-02-28T10:03:12Z" duration-ms="16" status="PASS">
          <reporter-output>
          </reporter-output>
        </test-method> <!-- ihhgschool -->
      </class> <!-- org.priority.Priority -->
    </test> <!-- Default test -->
  </suite> <!-- Default suite -->
</testng-results>
